build/app/intermediates/manifest_merge_blame_file/debug/manifest-merger-blame-debug-report.txt
1<?xml version="1.0" encoding="utf-8"?>
2<manifest xmlns:android="http://schemas.android.com/apk/res/android"
3    package="io.flutter.plugins.firebase.messaging.example"
4    android:versionCode="1"
5    android:versionName="1.0" >
6
7    <uses-sdk
8        android:minSdkVersion="19"
9        android:targetSdkVersion="33" />
10    <!--
11         Flutter needs it to communicate with the running application
12         to allow setting breakpoints, to provide hot reload, etc.
13    -->
14    <uses-permission android:name="android.permission.INTERNET" />
14-->src\debug\AndroidManifest.xml:6:5-66
14-->src\debug\AndroidManifest.xml:6:22-64
15    <uses-permission android:name="android.permission.WAKE_LOCK" />
15-->[:firebase_messaging] AndroidManifest.xml:8:5-68
15-->[:firebase_messaging] AndroidManifest.xml:8:22-65
16    <uses-permission android:name="android.permission.ACCESS_NETWORK_STATE" /> <!-- Permissions options for the `notification` group -->
16-->[:firebase_messaging] AndroidManifest.xml:9:5-79
16-->[:firebase_messaging] AndroidManifest.xml:9:22-76
17    <uses-permission android:name="android.permission.POST_NOTIFICATIONS" />
17-->[:firebase_messaging] AndroidManifest.xml:11:5-77
17-->[:firebase_messaging] AndroidManifest.xml:11:22-74
18    <uses-permission android:name="android.permission.RECEIVE_BOOT_COMPLETED" />
18-->[:flutter_local_notifications] AndroidManifest.xml:7:5-81
18-->[:flutter_local_notifications] AndroidManifest.xml:7:22-78
19    <uses-permission android:name="android.permission.VIBRATE" />
19-->[:flutter_local_notifications] AndroidManifest.xml:8:5-66
19-->[:flutter_local_notifications] AndroidManifest.xml:8:22-63
20    <uses-permission android:name="android.permission.USE_FULL_SCREEN_INTENT" />
20-->[:flutter_local_notifications] AndroidManifest.xml:9:5-81
20-->[:flutter_local_notifications] AndroidManifest.xml:9:22-78
21    <uses-permission android:name="android.permission.SCHEDULE_EXACT_ALARM" /> <!-- Required by older versions of Google Play services to create IID tokens -->
21-->[:flutter_local_notifications] AndroidManifest.xml:10:5-79
21-->[:flutter_local_notifications] AndroidManifest.xml:10:22-76
22    <uses-permission android:name="com.google.android.c2dm.permission.RECEIVE" />
22-->[com.google.firebase:firebase-iid:21.1.0] AndroidManifest.xml:26:5-82
22-->[com.google.firebase:firebase-iid:21.1.0] AndroidManifest.xml:26:22-79
23
24    <application
24-->src\main\AndroidManifest.xml:3:5-37:19
25        android:appComponentFactory="androidx.core.app.CoreComponentFactory"
25-->[androidx.core:core:1.6.0] AndroidManifest.xml:24:18-86
26        android:debuggable="true"
27        android:icon="@mipmap/ic_launcher"
27-->src\main\AndroidManifest.xml:5:9-43
28        android:label="firebase_messaging_example" >
28-->src\main\AndroidManifest.xml:4:9-51
29        <activity
29-->src\main\AndroidManifest.xml:6:9-26:20
30            android:name="io.flutter.embedding.android.FlutterActivity"
30-->src\main\AndroidManifest.xml:7:13-72
31            android:configChanges="orientation|keyboardHidden|keyboard|screenSize|smallestScreenSize|locale|layoutDirection|fontScale|screenLayout|density|uiMode"
31-->src\main\AndroidManifest.xml:10:13-163
32            android:exported="true"
32-->src\main\AndroidManifest.xml:12:13-36
33            android:hardwareAccelerated="true"
33-->src\main\AndroidManifest.xml:11:13-47
34            android:launchMode="singleTop"
34-->src\main\AndroidManifest.xml:8:13-43
35            android:theme="@style/LaunchTheme"
35-->src\main\AndroidManifest.xml:9:13-47
36            android:windowSoftInputMode="adjustResize" >
36-->src\main\AndroidManifest.xml:13:13-55
37
38            <!--
39                 Specifies an Android theme to apply to this Activity as soon as
40                 the Android process has started. This theme is visible to the user
41                 while the Flutter UI initializes. After that, this theme continues
42                 to determine the Window background behind the Flutter UI.
43            -->
44            <meta-data
44-->src\main\AndroidManifest.xml:18:13-21:17
45                android:name="io.flutter.embedding.android.NormalTheme"
45-->src\main\AndroidManifest.xml:19:15-70
46                android:resource="@style/NormalTheme" />
46-->src\main\AndroidManifest.xml:20:15-52
47
48            <intent-filter>
48-->src\main\AndroidManifest.xml:22:13-25:29
49                <action android:name="android.intent.action.MAIN" />
49-->src\main\AndroidManifest.xml:23:17-68
49-->src\main\AndroidManifest.xml:23:25-66
50
51                <category android:name="android.intent.category.LAUNCHER" />
51-->src\main\AndroidManifest.xml:24:17-76
51-->src\main\AndroidManifest.xml:24:27-74
52            </intent-filter>
53        </activity>
54        <!--
55             Don't delete the meta-data below.
56             This is used by the Flutter tool to generate GeneratedPluginRegistrant.java
57        -->
58        <meta-data
58-->src\main\AndroidManifest.xml:29:9-31:33
59            android:name="flutterEmbedding"
59-->src\main\AndroidManifest.xml:30:13-44
60            android:value="2" />
60-->src\main\AndroidManifest.xml:31:13-30
61
62        <!-- A custom Android Notification Channel to deliver FCM notifications on a non-default channel -->
63        <meta-data
63-->src\main\AndroidManifest.xml:34:9-36:55
64            android:name="com.google.firebase.messaging.default_notification_channel_id"
64-->src\main\AndroidManifest.xml:35:13-89
65            android:value="high_importance_channel" />
65-->src\main\AndroidManifest.xml:36:13-52
66
67        <service
67-->[:firebase_messaging] AndroidManifest.xml:14:9-17:72
68            android:name="io.flutter.plugins.firebase.messaging.FlutterFirebaseMessagingBackgroundService"
68-->[:firebase_messaging] AndroidManifest.xml:15:13-107
69            android:exported="false"
69-->[:firebase_messaging] AndroidManifest.xml:16:13-37
70            android:permission="android.permission.BIND_JOB_SERVICE" />
70-->[:firebase_messaging] AndroidManifest.xml:17:13-69
71        <service
71-->[:firebase_messaging] AndroidManifest.xml:18:9-24:19
72            android:name="io.flutter.plugins.firebase.messaging.FlutterFirebaseMessagingService"
72-->[:firebase_messaging] AndroidManifest.xml:19:13-97
73            android:exported="false" >
73-->[:firebase_messaging] AndroidManifest.xml:20:13-37
74            <intent-filter>
74-->[:firebase_messaging] AndroidManifest.xml:21:13-23:29
75                <action android:name="com.google.firebase.MESSAGING_EVENT" />
75-->[:firebase_messaging] AndroidManifest.xml:22:17-78
75-->[:firebase_messaging] AndroidManifest.xml:22:25-75
76            </intent-filter>
77        </service>
78
79        <receiver
79-->[:firebase_messaging] AndroidManifest.xml:26:9-33:20
80            android:name="io.flutter.plugins.firebase.messaging.FlutterFirebaseMessagingReceiver"
80-->[:firebase_messaging] AndroidManifest.xml:27:13-98
81            android:exported="true"
81-->[:firebase_messaging] AndroidManifest.xml:28:13-36
82            android:permission="com.google.android.c2dm.permission.SEND" >
82-->[:firebase_messaging] AndroidManifest.xml:29:13-73
83            <intent-filter>
83-->[:firebase_messaging] AndroidManifest.xml:30:13-32:29
84                <action android:name="com.google.android.c2dm.intent.RECEIVE" />
84-->[:firebase_messaging] AndroidManifest.xml:31:17-81
84-->[:firebase_messaging] AndroidManifest.xml:31:25-78
85            </intent-filter>
86        </receiver>
87
88        <service
88-->[:firebase_messaging] AndroidManifest.xml:35:9-39:19
89            android:name="com.google.firebase.components.ComponentDiscoveryService"
89-->[:firebase_messaging] AndroidManifest.xml:35:18-89
90            android:directBootAware="true"
90-->[com.google.firebase:firebase-common:20.3.0] AndroidManifest.xml:34:13-43
91            android:exported="false" >
91-->[com.google.firebase:firebase-iid:21.1.0] AndroidManifest.xml:31:13-37
92            <meta-data
92-->[:firebase_messaging] AndroidManifest.xml:36:13-38:85
93                android:name="com.google.firebase.components:io.flutter.plugins.firebase.messaging.FlutterFirebaseAppRegistrar"
93-->[:firebase_messaging] AndroidManifest.xml:37:17-128
94                android:value="com.google.firebase.components.ComponentRegistrar" />
94-->[:firebase_messaging] AndroidManifest.xml:38:17-82
95            <meta-data
95-->[:firebase_core] AndroidManifest.xml:9:13-11:85
96                android:name="com.google.firebase.components:io.flutter.plugins.firebase.core.FlutterFirebaseCoreRegistrar"
96-->[:firebase_core] AndroidManifest.xml:10:17-124
97                android:value="com.google.firebase.components.ComponentRegistrar" />
97-->[:firebase_core] AndroidManifest.xml:11:17-82
98            <meta-data
98-->[com.google.firebase:firebase-iid:21.1.0] AndroidManifest.xml:32:13-34:85
99                android:name="com.google.firebase.components:com.google.firebase.iid.Registrar"
99-->[com.google.firebase:firebase-iid:21.1.0] AndroidManifest.xml:33:17-96
100                android:value="com.google.firebase.components.ComponentRegistrar" />
100-->[com.google.firebase:firebase-iid:21.1.0] AndroidManifest.xml:34:17-82
101            <meta-data
101-->[com.google.firebase:firebase-messaging:23.1.1] AndroidManifest.xml:55:13-57:85
102                android:name="com.google.firebase.components:com.google.firebase.messaging.FirebaseMessagingRegistrar"
102-->[com.google.firebase:firebase-messaging:23.1.1] AndroidManifest.xml:56:17-119
103                android:value="com.google.firebase.components.ComponentRegistrar" />
103-->[com.google.firebase:firebase-messaging:23.1.1] AndroidManifest.xml:57:17-82
104            <meta-data
104-->[com.google.firebase:firebase-installations:17.1.2] AndroidManifest.xml:17:13-19:85
105                android:name="com.google.firebase.components:com.google.firebase.installations.FirebaseInstallationsRegistrar"
105-->[com.google.firebase:firebase-installations:17.1.2] AndroidManifest.xml:18:17-127
106                android:value="com.google.firebase.components.ComponentRegistrar" />
106-->[com.google.firebase:firebase-installations:17.1.2] AndroidManifest.xml:19:17-82
107            <meta-data
107-->[com.google.firebase:firebase-datatransport:18.1.7] AndroidManifest.xml:27:13-29:85
108                android:name="com.google.firebase.components:com.google.firebase.datatransport.TransportRegistrar"
108-->[com.google.firebase:firebase-datatransport:18.1.7] AndroidManifest.xml:28:17-115
109                android:value="com.google.firebase.components.ComponentRegistrar" />
109-->[com.google.firebase:firebase-datatransport:18.1.7] AndroidManifest.xml:29:17-82
110        </service>
111
112        <provider
112-->[:firebase_messaging] AndroidManifest.xml:41:9-45:38
113            android:name="io.flutter.plugins.firebase.messaging.FlutterFirebaseMessagingInitProvider"
113-->[:firebase_messaging] AndroidManifest.xml:42:13-102
114            android:authorities="io.flutter.plugins.firebase.messaging.example.flutterfirebasemessaginginitprovider"
114-->[:firebase_messaging] AndroidManifest.xml:43:13-88
115            android:exported="false"
115-->[:firebase_messaging] AndroidManifest.xml:44:13-37
116            android:initOrder="99" />
116-->[:firebase_messaging] AndroidManifest.xml:45:13-35
117
118        <receiver
118-->[:flutter_local_notifications] AndroidManifest.xml:14:9-16:40
119            android:name="com.dexterous.flutterlocalnotifications.ScheduledNotificationReceiver"
119-->[:flutter_local_notifications] AndroidManifest.xml:15:13-97
120            android:exported="false" />
120-->[:flutter_local_notifications] AndroidManifest.xml:16:13-37
121        <receiver
121-->[:flutter_local_notifications] AndroidManifest.xml:17:9-26:20
122            android:name="com.dexterous.flutterlocalnotifications.ScheduledNotificationBootReceiver"
122-->[:flutter_local_notifications] AndroidManifest.xml:18:13-101
123            android:exported="false" >
123-->[:flutter_local_notifications] AndroidManifest.xml:19:13-37
124            <intent-filter>
124-->[:flutter_local_notifications] AndroidManifest.xml:20:13-25:29
125                <action android:name="android.intent.action.BOOT_COMPLETED" />
125-->[:flutter_local_notifications] AndroidManifest.xml:21:17-79
125-->[:flutter_local_notifications] AndroidManifest.xml:21:25-76
126                <action android:name="android.intent.action.MY_PACKAGE_REPLACED" />
126-->[:flutter_local_notifications] AndroidManifest.xml:22:17-84
126-->[:flutter_local_notifications] AndroidManifest.xml:22:25-81
127                <action android:name="android.intent.action.QUICKBOOT_POWERON" />
127-->[:flutter_local_notifications] AndroidManifest.xml:23:17-82
127-->[:flutter_local_notifications] AndroidManifest.xml:23:25-79
128                <action android:name="com.htc.intent.action.QUICKBOOT_POWERON" />
128-->[:flutter_local_notifications] AndroidManifest.xml:24:17-82
128-->[:flutter_local_notifications] AndroidManifest.xml:24:25-79
129            </intent-filter>
130        </receiver>
131        <receiver
131-->[com.google.firebase:firebase-messaging:23.1.1] AndroidManifest.xml:31:9-38:20
132            android:name="com.google.firebase.iid.FirebaseInstanceIdReceiver"
132-->[com.google.firebase:firebase-messaging:23.1.1] AndroidManifest.xml:32:13-78
133            android:exported="true"
133-->[com.google.firebase:firebase-messaging:23.1.1] AndroidManifest.xml:33:13-36
134            android:permission="com.google.android.c2dm.permission.SEND" >
134-->[com.google.firebase:firebase-messaging:23.1.1] AndroidManifest.xml:34:13-73
135            <intent-filter>
135-->[:firebase_messaging] AndroidManifest.xml:30:13-32:29
136                <action android:name="com.google.android.c2dm.intent.RECEIVE" />
136-->[:firebase_messaging] AndroidManifest.xml:31:17-81
136-->[:firebase_messaging] AndroidManifest.xml:31:25-78
137            </intent-filter>
138        </receiver>
139        <!--
140             FirebaseMessagingService performs security checks at runtime,
141             but set to not exported to explicitly avoid allowing another app to call it.
142        -->
143        <service
143-->[com.google.firebase:firebase-messaging:23.1.1] AndroidManifest.xml:44:9-51:19
144            android:name="com.google.firebase.messaging.FirebaseMessagingService"
144-->[com.google.firebase:firebase-messaging:23.1.1] AndroidManifest.xml:45:13-82
145            android:directBootAware="true"
145-->[com.google.firebase:firebase-messaging:23.1.1] AndroidManifest.xml:46:13-43
146            android:exported="false" >
146-->[com.google.firebase:firebase-messaging:23.1.1] AndroidManifest.xml:47:13-37
147            <intent-filter android:priority="-500" >
147-->[:firebase_messaging] AndroidManifest.xml:21:13-23:29
148                <action android:name="com.google.firebase.MESSAGING_EVENT" />
148-->[:firebase_messaging] AndroidManifest.xml:22:17-78
148-->[:firebase_messaging] AndroidManifest.xml:22:25-75
149            </intent-filter>
150        </service>
151
152        <provider
152-->[com.google.firebase:firebase-common:20.3.0] AndroidManifest.xml:25:9-30:39
153            android:name="com.google.firebase.provider.FirebaseInitProvider"
153-->[com.google.firebase:firebase-common:20.3.0] AndroidManifest.xml:26:13-77
154            android:authorities="io.flutter.plugins.firebase.messaging.example.firebaseinitprovider"
154-->[com.google.firebase:firebase-common:20.3.0] AndroidManifest.xml:27:13-72
155            android:directBootAware="true"
155-->[com.google.firebase:firebase-common:20.3.0] AndroidManifest.xml:28:13-43
156            android:exported="false"
156-->[com.google.firebase:firebase-common:20.3.0] AndroidManifest.xml:29:13-37
157            android:initOrder="100" />
157-->[com.google.firebase:firebase-common:20.3.0] AndroidManifest.xml:30:13-36
158
159        <activity
159-->[com.google.android.gms:play-services-base:18.0.1] AndroidManifest.xml:20:9-22:45
160            android:name="com.google.android.gms.common.api.GoogleApiActivity"
160-->[com.google.android.gms:play-services-base:18.0.1] AndroidManifest.xml:20:19-85
161            android:exported="false"
161-->[com.google.android.gms:play-services-base:18.0.1] AndroidManifest.xml:22:19-43
162            android:theme="@android:style/Theme.Translucent.NoTitleBar" />
162-->[com.google.android.gms:play-services-base:18.0.1] AndroidManifest.xml:21:19-78
163
164        <meta-data
164-->[com.google.android.gms:play-services-basement:18.1.0] AndroidManifest.xml:21:9-23:69
165            android:name="com.google.android.gms.version"
165-->[com.google.android.gms:play-services-basement:18.1.0] AndroidManifest.xml:22:13-58
166            android:value="@integer/google_play_services_version" />
166-->[com.google.android.gms:play-services-basement:18.1.0] AndroidManifest.xml:23:13-66
167
168        <uses-library
168-->[androidx.window:window:1.0.0-beta04] AndroidManifest.xml:25:9-27:40
169            android:name="androidx.window.extensions"
169-->[androidx.window:window:1.0.0-beta04] AndroidManifest.xml:26:13-54
170            android:required="false" />
170-->[androidx.window:window:1.0.0-beta04] AndroidManifest.xml:27:13-37
171        <uses-library
171-->[androidx.window:window:1.0.0-beta04] AndroidManifest.xml:28:9-30:40
172            android:name="androidx.window.sidecar"
172-->[androidx.window:window:1.0.0-beta04] AndroidManifest.xml:29:13-51
173            android:required="false" />
173-->[androidx.window:window:1.0.0-beta04] AndroidManifest.xml:30:13-37
174
175        <service
175-->[com.google.android.datatransport:transport-backend-cct:3.1.8] AndroidManifest.xml:28:9-34:19
176            android:name="com.google.android.datatransport.runtime.backends.TransportBackendDiscovery"
176-->[com.google.android.datatransport:transport-backend-cct:3.1.8] AndroidManifest.xml:29:13-103
177            android:exported="false" >
177-->[com.google.android.datatransport:transport-backend-cct:3.1.8] AndroidManifest.xml:30:13-37
178            <meta-data
178-->[com.google.android.datatransport:transport-backend-cct:3.1.8] AndroidManifest.xml:31:13-33:39
179                android:name="backend:com.google.android.datatransport.cct.CctBackendFactory"
179-->[com.google.android.datatransport:transport-backend-cct:3.1.8] AndroidManifest.xml:32:17-94
180                android:value="cct" />
180-->[com.google.android.datatransport:transport-backend-cct:3.1.8] AndroidManifest.xml:33:17-36
181        </service>
182        <service
182-->[com.google.android.datatransport:transport-runtime:3.1.8] AndroidManifest.xml:26:9-30:19
183            android:name="com.google.android.datatransport.runtime.scheduling.jobscheduling.JobInfoSchedulerService"
183-->[com.google.android.datatransport:transport-runtime:3.1.8] AndroidManifest.xml:27:13-117
184            android:exported="false"
184-->[com.google.android.datatransport:transport-runtime:3.1.8] AndroidManifest.xml:28:13-37
185            android:permission="android.permission.BIND_JOB_SERVICE" >
185-->[com.google.android.datatransport:transport-runtime:3.1.8] AndroidManifest.xml:29:13-69
186        </service>
187
188        <receiver
188-->[com.google.android.datatransport:transport-runtime:3.1.8] AndroidManifest.xml:32:9-34:40
189            android:name="com.google.android.datatransport.runtime.scheduling.jobscheduling.AlarmManagerSchedulerBroadcastReceiver"
189-->[com.google.android.datatransport:transport-runtime:3.1.8] AndroidManifest.xml:33:13-132
190            android:exported="false" />
190-->[com.google.android.datatransport:transport-runtime:3.1.8] AndroidManifest.xml:34:13-37
191    </application>
192
193</manifest>